<?xml version="1.0" encoding="UTF-8"?>
<!-- Generated by org.testng.reporters.JUnitXMLReporter -->
<testsuite ignored="3" hostname="RATZZ" failures="0" tests="1" name="Default test" time="11.08" errors="0" timestamp="2024-11-08T01:07:17 IST">
  <testcase classname="testngassignments.Checkbox" name="click" time="4.439"/>
  <testcase classname="testngassignments.Checkbox" name="isselected" time="0.0">
    <ignored/>
  </testcase> <!-- isselected -->
  <testcase classname="testngassignments.Checkbox" name="isdisplayed" time="0.0">
    <ignored/>
  </testcase> <!-- isdisplayed -->
  <testcase classname="testngassignments.Checkbox" name="isenabled" time="0.0">
    <ignored/>
  </testcase> <!-- isenabled -->
</testsuite> <!-- Default test -->
