<?xml version="1.0" encoding="UTF-8"?>
<!-- Generated by org.testng.reporters.JUnitXMLReporter -->
<testsuite ignored="3" hostname="RATZZ" failures="0" tests="1" name="Default test" time="7.409" errors="0" timestamp="2024-11-25T09:32:31 IST">
  <testcase classname="testscript.Assertion" name="asserttrue" time="0.966"/>
  <testcase classname="testscript.Assertion" name="assertfalse" time="0.0">
    <ignored/>
  </testcase> <!-- assertfalse -->
  <testcase classname="testscript.Assertion" name="assertEqualsTest" time="0.0">
    <ignored/>
  </testcase> <!-- assertEqualsTest -->
  <testcase classname="testscript.Assertion" name="assertnotequals" time="0.0">
    <ignored/>
  </testcase> <!-- assertnotequals -->
</testsuite> <!-- Default test -->
