<?xml version="1.0" encoding="UTF-8"?>
<testng-results ignored="3" total="4" passed="1" failed="0" skipped="0">
  <reporter-output>
  </reporter-output>
  <suite started-at="2024-11-08T01:07:06 IST" name="Default suite" finished-at="2024-11-08T01:07:17 IST" duration-ms="11080">
    <groups>
    </groups>
    <test started-at="2024-11-08T01:07:06 IST" name="Default test" finished-at="2024-11-08T01:07:17 IST" duration-ms="11080">
      <class name="testngassignments.Checkbox">
        <test-method is-config="true" signature="initializebrowser()[pri:0, instance:testngassignments.Checkbox@7bab3f1a]" started-at="2024-11-08T01:07:06 IST" name="initializebrowser" finished-at="2024-11-08T01:07:13 IST" duration-ms="6588" status="PASS">
          <reporter-output>
          </reporter-output>
        </test-method> <!-- initializebrowser -->
        <test-method signature="click()[pri:0, instance:testngassignments.Checkbox@7bab3f1a]" started-at="2024-11-08T01:07:13 IST" name="click" finished-at="2024-11-08T01:07:17 IST" duration-ms="4439" status="PASS">
          <reporter-output>
          </reporter-output>
        </test-method> <!-- click -->
        <test-method is-config="true" signature="quitandclose()[pri:0, instance:testngassignments.Checkbox@7bab3f1a]" started-at="2024-11-08T01:07:17 IST" name="quitandclose" finished-at="2024-11-08T01:07:17 IST" duration-ms="0" status="PASS">
          <reporter-output>
          </reporter-output>
        </test-method> <!-- quitandclose -->
      </class> <!-- testngassignments.Checkbox -->
    </test> <!-- Default test -->
  </suite> <!-- Default suite -->
</testng-results>
